<?xml version="1.0" encoding="UTF-8"?>
<coverage generated="1759706702493" clover="3.2.0">
  <project timestamp="1759706702494" name="All files">
    <metrics statements="14" coveredstatements="12" conditionals="4" coveredconditionals="3" methods="4" coveredmethods="4" elements="22" coveredelements="19" complexity="0" loc="14" ncloc="14" packages="1" files="1" classes="1"/>
    <file name="order.ts" path="/home/shimma/Prog4Tp2/src/services/order.ts">
      <metrics statements="14" coveredstatements="12" conditionals="4" coveredconditionals="3" methods="4" coveredmethods="4"/>
      <line num="4" count="1" type="stmt"/>
      <line num="18" count="1" type="stmt"/>
      <line num="19" count="2" type="stmt"/>
      <line num="22" count="1" type="stmt"/>
      <line num="23" count="1" type="stmt"/>
      <line num="25" count="1" type="stmt"/>
      <line num="34" count="1" type="stmt"/>
      <line num="35" count="1" type="stmt"/>
      <line num="39" count="2" type="stmt"/>
      <line num="43" count="2" type="stmt"/>
      <line num="44" count="2" type="cond" truecount="2" falsecount="0"/>
      <line num="45" count="1" type="cond" truecount="1" falsecount="1"/>
      <line num="46" count="0" type="stmt"/>
      <line num="47" count="0" type="stmt"/>
    </file>
  </project>
</coverage>
