{"/home/shimma/Prog4Tp2/src/services/order.ts": {"path":"/home/shimma/Prog4Tp2/src/services/order.ts","statementMap":{"0":{"start":{"line":4,"column":0},"end":{"line":4,"column":36}},"1":{"start":{"line":19,"column":28},"end":{"line":19,"column":30}},"2":{"start":{"line":22,"column":50},"end":{"line":22,"column":77}},"3":{"start":{"line":23,"column":25},"end":{"line":23,"column":28}},"4":{"start":{"line":25,"column":28},"end":{"line":32,"column":6}},"5":{"start":{"line":34,"column":4},"end":{"line":34,"column":31}},"6":{"start":{"line":35,"column":4},"end":{"line":35,"column":20}},"7":{"start":{"line":39,"column":4},"end":{"line":39,"column":46}},"8":{"start":{"line":39,"column":33},"end":{"line":39,"column":44}},"9":{"start":{"line":43,"column":18},"end":{"line":43,"column":34}},"10":{"start":{"line":44,"column":4},"end":{"line":44,"column":51}},"11":{"start":{"line":44,"column":16},"end":{"line":44,"column":51}},"12":{"start":{"line":45,"column":4},"end":{"line":45,"column":87}},"13":{"start":{"line":45,"column":38},"end":{"line":45,"column":87}},"14":{"start":{"line":46,"column":4},"end":{"line":46,"column":31}},"15":{"start":{"line":47,"column":4},"end":{"line":47,"column":17}},"16":{"start":{"line":18,"column":0},"end":{"line":18,"column":13}}},"fnMap":{"0":{"name":"(anonymous_0)","decl":{"start":{"line":21,"column":2},"end":{"line":21,"column":8}},"loc":{"start":{"line":21,"column":54},"end":{"line":36,"column":3}}},"1":{"name":"(anonymous_1)","decl":{"start":{"line":38,"column":2},"end":{"line":38,"column":9}},"loc":{"start":{"line":38,"column":20},"end":{"line":40,"column":3}}},"2":{"name":"(anonymous_2)","decl":{"start":{"line":39,"column":28},"end":{"line":39,"column":29}},"loc":{"start":{"line":39,"column":33},"end":{"line":39,"column":44}}},"3":{"name":"(anonymous_3)","decl":{"start":{"line":42,"column":2},"end":{"line":42,"column":8}},"loc":{"start":{"line":42,"column":19},"end":{"line":48,"column":3}}}},"branchMap":{"0":{"loc":{"start":{"line":44,"column":4},"end":{"line":44,"column":51}},"type":"if","locations":[{"start":{"line":44,"column":4},"end":{"line":44,"column":51}},{"start":{},"end":{}}]},"1":{"loc":{"start":{"line":45,"column":4},"end":{"line":45,"column":87}},"type":"if","locations":[{"start":{"line":45,"column":4},"end":{"line":45,"column":87}},{"start":{},"end":{}}]}},"s":{"0":1,"1":2,"2":1,"3":1,"4":1,"5":1,"6":1,"7":2,"8":1,"9":2,"10":2,"11":1,"12":1,"13":1,"14":0,"15":0,"16":1},"f":{"0":1,"1":2,"2":1,"3":2},"b":{"0":[1,1],"1":[1,0]}}
}
